     1                                  ; a program to add three numbers using byte memory
     2                                  
     3                                  [org 0x0100]
     4                                  
     5 00000000 A1[1700]                mov ax, [num1]
     6 00000003 8B1E[1800]              mov bx, [num1+1]
     7                                  
     8 00000007 01D8                    add ax, bx
     9                                  
    10 00000009 8B1E[1900]              mov bx, [num1+2]
    11                                  
    12 0000000D 01D8                    add ax, bx
    13                                  
    14 0000000F A3[1A00]                mov [num1+3], ax
    15                                  
    16 00000012 B8004C                  mov ax, 0x4c00
    17 00000015 CD21                    int 0x21
    18                                  
    19 00000017 050A0F00                num1: db 5, 10, 15, 0
    20                                  
    21                                  ; something's wrong with this code
    22                                  ; let's figure out what that is 
